# JRE version: Java(TM) SE Runtime Environment (8.0_121-b13) (build 1.8.0_121-b13)
# Java VM: Java HotSpot(TM) 64-Bit Server VM (25.121-b13 mixed mode windows-amd64 compressed oops)
Heap:
 PSYoungGen      total 173568K, used 6246K [0x00000000eab00000, 0x00000000f6800000, 0x0000000100000000)
  eden space 158720K, 3% used [0x00000000eab00000,0x00000000eb119ae8,0x00000000f4600000)
  from space 14848K, 0% used [0x00000000f5900000,0x00000000f5900000,0x00000000f6780000)
  to   space 17408K, 0% used [0x00000000f4600000,0x00000000f4600000,0x00000000f5700000)
 ParOldGen       total 59904K, used 26506K [0x00000000c0000000, 0x00000000c3a80000, 0x00000000eab00000)
  object space 59904K, 44% used [0x00000000c0000000,0x00000000c19e2998,0x00000000c3a80000)
 Metaspace       used 34347K, capacity 35488K, committed 35752K, reserved 1079296K
  class space    used 4919K, capacity 5262K, committed 5288K, reserved 1048576K
GC Heap History (10 events):
Event: 21.680 GC heap before
{Heap before GC invocations=6 (full 1):
 PSYoungGen      total 71680K, used 66560K [0x00000000eab00000, 0x00000000ef600000, 0x0000000100000000)
  eden space 66560K, 100% used [0x00000000eab00000,0x00000000eec00000,0x00000000eec00000)
  from space 5120K, 0% used [0x00000000ef100000,0x00000000ef100000,0x00000000ef600000)
  to   space 5120K, 0% used [0x00000000eec00000,0x00000000eec00000,0x00000000ef100000)
 ParOldGen       total 59904K, used 7780K [0x00000000c0000000, 0x00000000c3a80000, 0x00000000eab00000)
  object space 59904K, 12% used [0x00000000c0000000,0x00000000c0799218,0x00000000c3a80000)
 Metaspace       used 25896K, capacity 26514K, committed 26624K, reserved 1073152K
  class space    used 3634K, capacity 3828K, committed 3840K, reserved 1048576K
Event: 21.743 GC heap after
Heap after GC invocations=6 (full 1):
 PSYoungGen      total 71680K, used 5109K [0x00000000eab00000, 0x00000000f2300000, 0x0000000100000000)
  eden space 66560K, 0% used [0x00000000eab00000,0x00000000eab00000,0x00000000eec00000)
  from space 5120K, 99% used [0x00000000eec00000,0x00000000ef0fd6c0,0x00000000ef100000)
  to   space 10240K, 0% used [0x00000000f1900000,0x00000000f1900000,0x00000000f2300000)
 ParOldGen       total 59904K, used 10764K [0x00000000c0000000, 0x00000000c3a80000, 0x00000000eab00000)
  object space 59904K, 17% used [0x00000000c0000000,0x00000000c0a83100,0x00000000c3a80000)
 Metaspace       used 25896K, capacity 26514K, committed 26624K, reserved 1073152K
  class space    used 3634K, capacity 3828K, committed 3840K, reserved 1048576K
}
Event: 25.486 GC heap before
{Heap before GC invocations=7 (full 1):
 PSYoungGen      total 71680K, used 71669K [0x00000000eab00000, 0x00000000f2300000, 0x0000000100000000)
  eden space 66560K, 100% used [0x00000000eab00000,0x00000000eec00000,0x00000000eec00000)
  from space 5120K, 99% used [0x00000000eec00000,0x00000000ef0fd6c0,0x00000000ef100000)
  to   space 10240K, 0% used [0x00000000f1900000,0x00000000f1900000,0x00000000f2300000)
 ParOldGen       total 59904K, used 10764K [0x00000000c0000000, 0x00000000c3a80000, 0x00000000eab00000)
  object space 59904K, 17% used [0x00000000c0000000,0x00000000c0a83100,0x00000000c3a80000)
 Metaspace       used 28419K, capacity 29010K, committed 29312K, reserved 1075200K
  class space    used 4033K, capacity 4189K, committed 4224K, reserved 1048576K
Event: 25.874 GC heap after
Heap after GC invocations=7 (full 1):
 PSYoungGen      total 112640K, used 7669K [0x00000000eab00000, 0x00000000f2b00000, 0x0000000100000000)
  eden space 102400K, 0% used [0x00000000eab00000,0x00000000eab00000,0x00000000f0f00000)
  from space 10240K, 74% used [0x00000000f1900000,0x00000000f207d7e0,0x00000000f2300000)
  to   space 10240K, 0% used [0x00000000f0f00000,0x00000000f0f00000,0x00000000f1900000)
 ParOldGen       total 59904K, used 10772K [0x00000000c0000000, 0x00000000c3a80000, 0x00000000eab00000)
  object space 59904K, 17% used [0x00000000c0000000,0x00000000c0a85100,0x00000000c3a80000)
 Metaspace       used 28419K, capacity 29010K, committed 29312K, reserved 1075200K
  class space    used 4033K, capacity 4189K, committed 4224K, reserved 1048576K
}
Event: 41.704 GC heap before
{Heap before GC invocations=8 (full 1):
 PSYoungGen      total 112640K, used 110069K [0x00000000eab00000, 0x00000000f2b00000, 0x0000000100000000)
  eden space 102400K, 100% used [0x00000000eab00000,0x00000000f0f00000,0x00000000f0f00000)
  from space 10240K, 74% used [0x00000000f1900000,0x00000000f207d7e0,0x00000000f2300000)
  to   space 10240K, 0% used [0x00000000f0f00000,0x00000000f0f00000,0x00000000f1900000)
 ParOldGen       total 59904K, used 10772K [0x00000000c0000000, 0x00000000c3a80000, 0x00000000eab00000)
  object space 59904K, 17% used [0x00000000c0000000,0x00000000c0a85100,0x00000000c3a80000)
 Metaspace       used 33202K, capacity 34062K, committed 34176K, reserved 1079296K
  class space    used 4699K, capacity 4947K, committed 4992K, reserved 1048576K
Event: 41.747 GC heap after
Heap after GC invocations=8 (full 1):
 PSYoungGen      total 112640K, used 10208K [0x00000000eab00000, 0x00000000f6780000, 0x0000000100000000)
  eden space 102400K, 0% used [0x00000000eab00000,0x00000000eab00000,0x00000000f0f00000)
  from space 10240K, 99% used [0x00000000f0f00000,0x00000000f18f8030,0x00000000f1900000)
  to   space 14848K, 0% used [0x00000000f5900000,0x00000000f5900000,0x00000000f6780000)
 ParOldGen       total 59904K, used 17998K [0x00000000c0000000, 0x00000000c3a80000, 0x00000000eab00000)
  object space 59904K, 30% used [0x00000000c0000000,0x00000000c1193920,0x00000000c3a80000)
 Metaspace       used 33202K, capacity 34062K, committed 34176K, reserved 1079296K
  class space    used 4699K, capacity 4947K, committed 4992K, reserved 1048576K
}
Event: 46.980 GC heap before
{Heap before GC invocations=9 (full 1):
 PSYoungGen      total 112640K, used 46920K [0x00000000eab00000, 0x00000000f6780000, 0x0000000100000000)
  eden space 102400K, 35% used [0x00000000eab00000,0x00000000eceda0b0,0x00000000f0f00000)
  from space 10240K, 99% used [0x00000000f0f00000,0x00000000f18f8030,0x00000000f1900000)
  to   space 14848K, 0% used [0x00000000f5900000,0x00000000f5900000,0x00000000f6780000)
 ParOldGen       total 59904K, used 17998K [0x00000000c0000000, 0x00000000c3a80000, 0x00000000eab00000)
  object space 59904K, 30% used [0x00000000c0000000,0x00000000c1193920,0x00000000c3a80000)
 Metaspace       used 34286K, capacity 35466K, committed 35496K, reserved 1079296K
  class space    used 4911K, capacity 5259K, committed 5288K, reserved 1048576K
Event: 47.031 GC heap after
Heap after GC invocations=9 (full 1):
 PSYoungGen      total 173568K, used 14816K [0x00000000eab00000, 0x00000000f6800000, 0x0000000100000000)
  eden space 158720K, 0% used [0x00000000eab00000,0x00000000eab00000,0x00000000f4600000)
  from space 14848K, 99% used [0x00000000f5900000,0x00000000f6778010,0x00000000f6780000)
  to   space 17408K, 0% used [0x00000000f4600000,0x00000000f4600000,0x00000000f5700000)
 ParOldGen       total 59904K, used 18863K [0x00000000c0000000, 0x00000000c3a80000, 0x00000000eab00000)
  object space 59904K, 31% used [0x00000000c0000000,0x00000000c126bf38,0x00000000c3a80000)
 Metaspace       used 34286K, capacity 35466K, committed 35496K, reserved 1079296K
  class space    used 4911K, capacity 5259K, committed 5288K, reserved 1048576K
}
Event: 47.031 GC heap before
{Heap before GC invocations=10 (full 2):
 PSYoungGen      total 173568K, used 14816K [0x00000000eab00000, 0x00000000f6800000, 0x0000000100000000)
  eden space 158720K, 0% used [0x00000000eab00000,0x00000000eab00000,0x00000000f4600000)
  from space 14848K, 99% used [0x00000000f5900000,0x00000000f6778010,0x00000000f6780000)
  to   space 17408K, 0% used [0x00000000f4600000,0x00000000f4600000,0x00000000f5700000)
 ParOldGen       total 59904K, used 18863K [0x00000000c0000000, 0x00000000c3a80000, 0x00000000eab00000)
  object space 59904K, 31% used [0x00000000c0000000,0x00000000c126bf38,0x00000000c3a80000)
 Metaspace       used 34286K, capacity 35466K, committed 35496K, reserved 1079296K
  class space    used 4911K, capacity 5259K, committed 5288K, reserved 1048576K
Event: 47.378 GC heap after
Heap after GC invocations=10 (full 2):
 PSYoungGen      total 173568K, used 0K [0x00000000eab00000, 0x00000000f6800000, 0x0000000100000000)
  eden space 158720K, 0% used [0x00000000eab00000,0x00000000eab00000,0x00000000f4600000)
  from space 14848K, 0% used [0x00000000f5900000,0x00000000f5900000,0x00000000f6780000)
  to   space 17408K, 0% used [0x00000000f4600000,0x00000000f4600000,0x00000000f5700000)
 ParOldGen       total 59904K, used 26506K [0x00000000c0000000, 0x00000000c3a80000, 0x00000000eab00000)
  object space 59904K, 44% used [0x00000000c0000000,0x00000000c19e2998,0x00000000c3a80000)
 Metaspace       used 34286K, capacity 35466K, committed 35496K, reserved 1079296K
  class space    used 4911K, capacity 5259K, committed 5288K, reserved 1048576K
}

